<?xml version="1.0" encoding="UTF-8"?>
<!-- Generated by org.testng.reporters.JUnitReportReporter -->
<testsuite hostname="hp" name="com.slack.Channel_Test" tests="5" failures="0" timestamp="3 May 2020 20:43:52 GMT" time="36.941" errors="0">
  <testcase name="get_Channels" time="1.985" classname="com.slack.Channel_Test"/>
  <testcase name="join_Channel" time="1.712" classname="com.slack.Channel_Test"/>
  <testcase name="archive_Channel" time="1.438" classname="com.slack.Channel_Test"/>
  <testcase name="rename_Channel" time="1.417" classname="com.slack.Channel_Test"/>
  <testcase name="create_Channel" time="30.389" classname="com.slack.Channel_Test"/>
</testsuite> <!-- com.slack.Channel_Test -->
