<?xml version="1.0" encoding="UTF-8"?>
<!-- Generated by org.testng.reporters.JUnitReportReporter -->
<testsuite hostname="hp" name="com.slack.Api_test" tests="1" failures="0" timestamp="3 May 2020 16:18:47 GMT" time="7.928" errors="0">
  <testcase name="ujj2" time="7.928" classname="com.slack.Api_test"/>
</testsuite> <!-- com.slack.Api_test -->
