<?xml version="1.0" encoding="UTF-8"?>
<!-- Generated by org.testng.reporters.JUnitReportReporter -->
<testsuite hostname="hp" name="com.slack.Api_Test_Priority" tests="5" failures="0" timestamp="3 May 2020 17:38:55 GMT" time="15.339" errors="0">
  <testcase name="get_Channels" time="1.568" classname="com.slack.Api_Test_Priority"/>
  <testcase name="join_Channel" time="1.819" classname="com.slack.Api_Test_Priority"/>
  <testcase name="archive_Channel" time="1.813" classname="com.slack.Api_Test_Priority"/>
  <testcase name="rename_Channel" time="1.353" classname="com.slack.Api_Test_Priority"/>
  <testcase name="create_Channel" time="8.786" classname="com.slack.Api_Test_Priority"/>
</testsuite> <!-- com.slack.Api_Test_Priority -->
