<?xml version="1.0" encoding="UTF-8"?>
<!-- Generated by org.testng.reporters.JUnitReportReporter -->
<testsuite hostname="hp" name="com.slack.Test.ChannelTest" tests="5" failures="0" timestamp="4 May 2020 11:56:34 GMT" time="18.675" errors="0">
  <testcase name="createChannel" time="11.155" classname="com.slack.Test.ChannelTest"/>
  <testcase name="joinChannel" time="2.062" classname="com.slack.Test.ChannelTest"/>
  <testcase name="renameChannel" time="1.816" classname="com.slack.Test.ChannelTest"/>
  <testcase name="getChannels" time="2.000" classname="com.slack.Test.ChannelTest"/>
  <testcase name="archiveChannel" time="1.642" classname="com.slack.Test.ChannelTest"/>
</testsuite> <!-- com.slack.Test.ChannelTest -->
