<?xml version="1.0" encoding="UTF-8"?>
<!-- Generated by org.testng.reporters.JUnitReportReporter -->
<testsuite hostname="hp" name="com.slack.test.Channel_Test" tests="5" failures="0" timestamp="4 May 2020 08:18:34 GMT" time="62.508" errors="0">
  <testcase name="get_Channels" time="2.566" classname="com.slack.test.Channel_Test"/>
  <testcase name="join_Channel" time="3.255" classname="com.slack.test.Channel_Test"/>
  <testcase name="archive_Channel" time="3.430" classname="com.slack.test.Channel_Test"/>
  <testcase name="rename_Channel" time="3.897" classname="com.slack.test.Channel_Test"/>
  <testcase name="create_Channel" time="49.360" classname="com.slack.test.Channel_Test"/>
</testsuite> <!-- com.slack.test.Channel_Test -->
